[TAILING] Tailing last 100 lines for [all] processes (change the value with --lines option)
/root/.pm2/pm2.log last 100 lines:
PM2        | 2026-03-30T23:49:26: PM2 log: App name:syncloudpos id:6 disconnected
PM2        | 2026-03-30T23:49:26: PM2 log: App [syncloudpos:6] exited with code [1] via signal [SIGINT]
PM2        | 2026-03-30T23:49:27: PM2 log: App [syncloudpos:4] starting in -cluster mode-
PM2        | 2026-03-30T23:49:27: PM2 log: App [syncloudpos:4] online
PM2        | 2026-03-30T23:49:27: PM2 log: App [syncloudpos:7] starting in -cluster mode-
PM2        | 2026-03-30T23:49:27: PM2 log: App [syncloudpos:7] online
PM2        | 2026-03-30T23:49:28: PM2 log: App name:syncloudpos id:3 disconnected
PM2        | 2026-03-30T23:49:28: PM2 log: App [syncloudpos:3] exited with code [1] via signal [SIGINT]
PM2        | 2026-03-30T23:49:29: PM2 log: App [syncloudpos:6] starting in -cluster mode-
PM2        | 2026-03-30T23:49:30: PM2 log: App [syncloudpos:6] online
PM2        | 2026-03-30T23:49:30: PM2 log: App name:syncloudpos id:5 disconnected
PM2        | 2026-03-30T23:49:30: PM2 log: App [syncloudpos:5] exited with code [1] via signal [SIGINT]
PM2        | 2026-03-30T23:49:31: PM2 log: App [syncloudpos:3] starting in -cluster mode-
PM2        | 2026-03-30T23:49:31: PM2 log: App [syncloudpos:3] online
PM2        | 2026-03-30T23:49:33: PM2 log: App [syncloudpos:5] starting in -cluster mode-
PM2        | 2026-03-30T23:49:33: PM2 log: App [syncloudpos:5] online
PM2        | 2026-03-30T23:49:34: PM2 log: App name:syncloudpos id:4 disconnected
PM2        | 2026-03-30T23:49:34: PM2 log: App [syncloudpos:4] exited with code [1] via signal [SIGINT]
PM2        | 2026-03-30T23:49:34: PM2 log: App name:syncloudpos id:7 disconnected
PM2        | 2026-03-30T23:49:34: PM2 log: App [syncloudpos:7] exited with code [1] via signal [SIGINT]
PM2        | 2026-03-30T23:49:36: PM2 log: App name:syncloudpos id:6 disconnected
PM2        | 2026-03-30T23:49:36: PM2 log: App [syncloudpos:6] exited with code [1] via signal [SIGINT]
PM2        | 2026-03-30T23:49:37: PM2 log: App [syncloudpos:4] starting in -cluster mode-
PM2        | 2026-03-30T23:49:37: PM2 log: App [syncloudpos:7] starting in -cluster mode-
PM2        | 2026-03-30T23:49:37: PM2 log: App [syncloudpos:4] online
PM2        | 2026-03-30T23:49:37: PM2 log: App [syncloudpos:7] online
PM2        | 2026-03-30T23:49:37: PM2 log: App name:syncloudpos id:3 disconnected
PM2        | 2026-03-30T23:49:37: PM2 log: App [syncloudpos:3] exited with code [1] via signal [SIGINT]
PM2        | 2026-03-30T23:49:39: PM2 log: App [syncloudpos:6] starting in -cluster mode-
PM2        | 2026-03-30T23:49:39: PM2 log: App name:syncloudpos id:5 disconnected
PM2        | 2026-03-30T23:49:39: PM2 log: App [syncloudpos:5] exited with code [1] via signal [SIGINT]
PM2        | 2026-03-30T23:49:40: PM2 log: App [syncloudpos:6] online
PM2        | 2026-03-30T23:49:40: PM2 log: App [syncloudpos:3] starting in -cluster mode-
PM2        | 2026-03-30T23:49:41: PM2 log: App [syncloudpos:3] online
PM2        | 2026-03-30T23:49:42: PM2 log: App [syncloudpos:5] starting in -cluster mode-
PM2        | 2026-03-30T23:49:43: PM2 log: App name:syncloudpos id:7 disconnected
PM2        | 2026-03-30T23:49:43: PM2 log: App [syncloudpos:7] exited with code [1] via signal [SIGINT]
PM2        | 2026-03-30T23:49:43: PM2 log: App [syncloudpos:5] online
PM2        | 2026-03-30T23:49:44: PM2 log: App [syncloudpos:4] exited with code [1] via signal [SIGINT]
PM2        | 2026-03-30T23:49:46: PM2 log: App [syncloudpos:7] starting in -cluster mode-
PM2        | 2026-03-30T23:49:46: PM2 log: App [syncloudpos:7] online
PM2        | 2026-03-30T23:49:47: PM2 log: App [syncloudpos:4] starting in -cluster mode-
PM2        | 2026-03-30T23:49:47: PM2 log: App [syncloudpos:4] online
PM2        | 2026-03-30T23:49:48: PM2 log: App name:syncloudpos id:6 disconnected
PM2        | 2026-03-30T23:49:48: PM2 log: App [syncloudpos:6] exited with code [1] via signal [SIGINT]
PM2        | 2026-03-30T23:49:48: PM2 log: App name:syncloudpos id:5 disconnected
PM2        | 2026-03-30T23:49:48: PM2 log: App [syncloudpos:5] exited with code [1] via signal [SIGINT]
PM2        | 2026-03-30T23:49:48: PM2 log: App name:syncloudpos id:3 disconnected
PM2        | 2026-03-30T23:49:48: PM2 log: App [syncloudpos:3] exited with code [1] via signal [SIGINT]
PM2        | 2026-03-30T23:49:51: PM2 log: App [syncloudpos:6] starting in -cluster mode-
PM2        | 2026-03-30T23:49:51: PM2 log: App [syncloudpos:5] starting in -cluster mode-
PM2        | 2026-03-30T23:49:51: PM2 log: App [syncloudpos:6] online
PM2        | 2026-03-30T23:49:51: PM2 log: App [syncloudpos:3] starting in -cluster mode-
PM2        | 2026-03-30T23:49:52: PM2 log: App [syncloudpos:5] online
PM2        | 2026-03-30T23:49:52: PM2 log: App name:syncloudpos id:7 disconnected
PM2        | 2026-03-30T23:49:52: PM2 log: App [syncloudpos:7] exited with code [1] via signal [SIGINT]
PM2        | 2026-03-30T23:49:52: PM2 log: App [syncloudpos:3] online
PM2        | 2026-03-30T23:49:53: PM2 log: App name:syncloudpos id:4 disconnected
PM2        | 2026-03-30T23:49:53: PM2 log: App [syncloudpos:4] exited with code [1] via signal [SIGINT]
PM2        | 2026-03-30T23:49:55: PM2 log: App [syncloudpos:7] starting in -cluster mode-
PM2        | 2026-03-30T23:49:55: PM2 log: App [syncloudpos:7] online
PM2        | 2026-03-30T23:49:56: PM2 log: App [syncloudpos:4] starting in -cluster mode-
PM2        | 2026-03-30T23:49:57: PM2 log: App [syncloudpos:4] online
PM2        | 2026-03-30T23:49:57: PM2 log: App name:syncloudpos id:3 disconnected
PM2        | 2026-03-30T23:49:57: PM2 log: App [syncloudpos:3] exited with code [1] via signal [SIGINT]
PM2        | 2026-03-30T23:49:59: PM2 log: App name:syncloudpos id:5 disconnected
PM2        | 2026-03-30T23:49:59: PM2 log: App [syncloudpos:5] exited with code [1] via signal [SIGINT]
PM2        | 2026-03-30T23:49:59: PM2 log: App name:syncloudpos id:6 disconnected
PM2        | 2026-03-30T23:49:59: PM2 log: App [syncloudpos:6] exited with code [1] via signal [SIGINT]
PM2        | 2026-03-30T23:50:00: PM2 log: App [syncloudpos:3] starting in -cluster mode-
PM2        | 2026-03-30T23:50:00: PM2 log: App [syncloudpos:3] online
PM2        | 2026-03-30T23:50:01: PM2 log: App name:syncloudpos id:7 disconnected
PM2        | 2026-03-30T23:50:01: PM2 log: App [syncloudpos:7] exited with code [1] via signal [SIGINT]
PM2        | 2026-03-30T23:50:02: PM2 log: App [syncloudpos:5] starting in -cluster mode-
PM2        | 2026-03-30T23:50:02: PM2 log: App [syncloudpos:6] starting in -cluster mode-
PM2        | 2026-03-30T23:50:02: PM2 log: App [syncloudpos:5] online
PM2        | 2026-03-30T23:50:03: PM2 log: App [syncloudpos:6] online
PM2        | 2026-03-30T23:50:04: PM2 log: App name:syncloudpos id:4 disconnected
PM2        | 2026-03-30T23:50:04: PM2 log: App [syncloudpos:4] exited with code [1] via signal [SIGINT]
PM2        | 2026-03-30T23:50:04: PM2 log: App [syncloudpos:7] starting in -cluster mode-
PM2        | 2026-03-30T23:50:05: PM2 log: App [syncloudpos:7] online
PM2        | 2026-03-30T23:50:06: PM2 log: App name:syncloudpos id:3 disconnected
PM2        | 2026-03-30T23:50:06: PM2 log: App [syncloudpos:3] exited with code [1] via signal [SIGINT]
PM2        | 2026-03-30T23:50:07: PM2 log: App [syncloudpos:4] starting in -cluster mode-
PM2        | 2026-03-30T23:50:07: PM2 log: App [syncloudpos:4] online
PM2        | 2026-03-30T23:50:09: PM2 log: App [syncloudpos:3] starting in -cluster mode-
PM2        | 2026-03-30T23:50:09: PM2 log: App [syncloudpos:3] online
PM2        | 2026-03-30T23:50:10: PM2 log: App name:syncloudpos id:6 disconnected
PM2        | 2026-03-30T23:50:10: PM2 log: App [syncloudpos:6] exited with code [1] via signal [SIGINT]
PM2        | 2026-03-30T23:50:11: PM2 log: App name:syncloudpos id:5 disconnected
PM2        | 2026-03-30T23:50:11: PM2 log: App [syncloudpos:5] exited with code [1] via signal [SIGINT]
PM2        | 2026-03-30T23:50:12: PM2 log: App name:syncloudpos id:7 disconnected
PM2        | 2026-03-30T23:50:12: PM2 log: App [syncloudpos:7] exited with code [1] via signal [SIGINT]
PM2        | 2026-03-30T23:50:13: PM2 log: App [syncloudpos:6] starting in -cluster mode-
PM2        | 2026-03-30T23:50:13: PM2 log: App [syncloudpos:6] online
PM2        | 2026-03-30T23:50:14: PM2 log: App name:syncloudpos id:4 disconnected
PM2        | 2026-03-30T23:50:14: PM2 log: App [syncloudpos:4] exited with code [1] via signal [SIGINT]
PM2        | 2026-03-30T23:50:14: PM2 log: App [syncloudpos:5] starting in -cluster mode-
PM2        | 2026-03-30T23:50:14: PM2 log: App [syncloudpos:5] online
PM2        | 2026-03-30T23:50:15: PM2 log: App [syncloudpos:7] starting in -cluster mode-

/var/log/pm2/backup-error.log last 100 lines:
1|syncloud | Error: Cannot find module 'dotenv'
1|syncloud | Require stack:
1|syncloud | - /var/www/syncloudpos/scripts/backup.js
1|syncloud |     at Module._resolveFilename (node:internal/modules/cjs/loader:1207:15)
1|syncloud |     at Hook._require.Module.require (/usr/lib/node_modules/pm2/node_modules/require-in-the-middle/index.js:81:25)
1|syncloud |     at require (node:internal/modules/helpers:182:18)
1|syncloud |     at Object.<anonymous> (/var/www/syncloudpos/scripts/backup.js:5:1)
1|syncloud |     at Module._compile (node:internal/modules/cjs/loader:1521:14)
1|syncloud |     at Module._extensions..js (node:internal/modules/cjs/loader:1623:10)
1|syncloud |     at Module.load (node:internal/modules/cjs/loader:1266:32)
1|syncloud |     at Module._load (node:internal/modules/cjs/loader:1091:12)
1|syncloud |     at Object.<anonymous> (/usr/lib/node_modules/pm2/lib/ProcessContainerFork.js:33:23)
1|syncloud |     at Module._compile (node:internal/modules/cjs/loader:1521:14) {
1|syncloud |   code: 'MODULE_NOT_FOUND',
1|syncloud |   requireStack: [ '/var/www/syncloudpos/scripts/backup.js' ]
1|syncloud | }

/var/log/pm2/backup-out.log last 100 lines:
1|syncloud | [dotenv@17.3.1] injecting env (12) from .env -- tip: ًں”گ encrypt with Dotenvx: https://dotenvx.com
1|syncloud | Starting database backup to db-backup-2026-03-15T02-00-01-809Z.sql.gz...
1|syncloud | Backup completed successfully: /var/www/syncloudpos/backups/db-backup-2026-03-15T02-00-01-809Z.sql.gz
1|syncloud | Checking for backups older than 7 days...
1|syncloud | Deleted old backup: db-backup-2026-03-08T02-00-01-533Z.sql.gz
1|syncloud | Backup cleanup finished. Deleted 1 old files.
1|syncloud | [dotenv@17.3.1] injecting env (12) from .env -- tip: âڑ™ï¸ڈ  specify custom .env file path with { path: '/custom/path/.env' }
1|syncloud | Starting database backup to db-backup-2026-03-16T02-00-03-591Z.sql.gz...
1|syncloud | Backup completed successfully: /var/www/syncloudpos/backups/db-backup-2026-03-16T02-00-03-591Z.sql.gz
1|syncloud | Checking for backups older than 7 days...
1|syncloud | Deleted old backup: db-backup-2026-03-09T02-00-01-134Z.sql.gz
1|syncloud | Backup cleanup finished. Deleted 1 old files.
1|syncloud | [dotenv@17.3.1] injecting env (12) from .env -- tip: ًں”گ encrypt with Dotenvx: https://dotenvx.com
1|syncloud | Starting database backup to db-backup-2026-03-17T02-00-02-680Z.sql.gz...
1|syncloud | Backup completed successfully: /var/www/syncloudpos/backups/db-backup-2026-03-17T02-00-02-680Z.sql.gz
1|syncloud | Checking for backups older than 7 days...
1|syncloud | Deleted old backup: db-backup-2026-03-10T02-00-01-161Z.sql.gz
1|syncloud | Backup cleanup finished. Deleted 1 old files.
1|syncloud | [dotenv@17.3.1] injecting env (12) from .env -- tip: âڑ،ï¸ڈ secrets for agents: https://dotenvx.com/as2
1|syncloud | Starting database backup to db-backup-2026-03-18T02-00-03-121Z.sql.gz...
1|syncloud | Backup completed successfully: /var/www/syncloudpos/backups/db-backup-2026-03-18T02-00-03-121Z.sql.gz
1|syncloud | Checking for backups older than 7 days...
1|syncloud | Deleted old backup: db-backup-2026-03-11T02-00-00-807Z.sql.gz
1|syncloud | Backup cleanup finished. Deleted 1 old files.
1|syncloud | [dotenv@17.3.1] injecting env (12) from .env -- tip: âڑ™ï¸ڈ  enable debug logging with { debug: true }
1|syncloud | Starting database backup to db-backup-2026-03-19T02-00-01-619Z.sql.gz...
1|syncloud | Backup completed successfully: /var/www/syncloudpos/backups/db-backup-2026-03-19T02-00-01-619Z.sql.gz
1|syncloud | Checking for backups older than 7 days...
1|syncloud | Deleted old backup: db-backup-2026-03-12T02-00-00-932Z.sql.gz
1|syncloud | Backup cleanup finished. Deleted 1 old files.
1|syncloud | [dotenv@17.3.1] injecting env (12) from .env -- tip: âڑ™ï¸ڈ  specify custom .env file path with { path: '/custom/path/.env' }
1|syncloud | Starting database backup to db-backup-2026-03-20T02-00-01-803Z.sql.gz...
1|syncloud | Backup completed successfully: /var/www/syncloudpos/backups/db-backup-2026-03-20T02-00-01-803Z.sql.gz
1|syncloud | Checking for backups older than 7 days...
1|syncloud | Deleted old backup: db-backup-2026-03-13T02-00-00-732Z.sql.gz
1|syncloud | Backup cleanup finished. Deleted 1 old files.
1|syncloud | [dotenv@17.3.1] injecting env (12) from .env -- tip: âڑ™ï¸ڈ  suppress all logs with { quiet: true }
1|syncloud | Starting database backup to db-backup-2026-03-21T02-00-03-693Z.sql.gz...
1|syncloud | Backup completed successfully: /var/www/syncloudpos/backups/db-backup-2026-03-21T02-00-03-693Z.sql.gz
1|syncloud | Checking for backups older than 7 days...
1|syncloud | Deleted old backup: db-backup-2026-03-14T02-00-04-010Z.sql.gz
1|syncloud | Backup cleanup finished. Deleted 1 old files.
1|syncloud | [dotenv@17.3.1] injecting env (12) from .env -- tip: âڑ™ï¸ڈ  load multiple .env files with { path: ['.env.local', '.env'] }
1|syncloud | Starting database backup to db-backup-2026-03-22T02-00-06-445Z.sql.gz...
1|syncloud | Backup completed successfully: /var/www/syncloudpos/backups/db-backup-2026-03-22T02-00-06-445Z.sql.gz
1|syncloud | Checking for backups older than 7 days...
1|syncloud | Deleted old backup: db-backup-2026-03-15T02-00-01-809Z.sql.gz
1|syncloud | Backup cleanup finished. Deleted 1 old files.
1|syncloud | [dotenv@17.3.1] injecting env (12) from .env -- tip: ًں¤– agentic secret storage: https://dotenvx.com/as2
1|syncloud | Starting database backup to db-backup-2026-03-23T02-00-03-746Z.sql.gz...
1|syncloud | Backup completed successfully: /var/www/syncloudpos/backups/db-backup-2026-03-23T02-00-03-746Z.sql.gz
1|syncloud | Checking for backups older than 7 days...
1|syncloud | Deleted old backup: db-backup-2026-03-16T02-00-03-591Z.sql.gz
1|syncloud | Backup cleanup finished. Deleted 1 old files.
1|syncloud | [dotenv@17.3.1] injecting env (12) from .env -- tip: ًں¤– agentic secret storage: https://dotenvx.com/as2
1|syncloud | Starting database backup to db-backup-2026-03-24T02-00-01-624Z.sql.gz...
1|syncloud | Backup completed successfully: /var/www/syncloudpos/backups/db-backup-2026-03-24T02-00-01-624Z.sql.gz
1|syncloud | Checking for backups older than 7 days...
1|syncloud | Backup cleanup finished. Deleted 0 old files.
1|syncloud | [dotenv@17.3.1] injecting env (12) from .env -- tip: âڑ،ï¸ڈ secrets for agents: https://dotenvx.com/as2
1|syncloud | Starting database backup to db-backup-2026-03-25T02-00-05-922Z.sql.gz...
1|syncloud | Backup completed successfully: /var/www/syncloudpos/backups/db-backup-2026-03-25T02-00-05-922Z.sql.gz
1|syncloud | Checking for backups older than 7 days...
1|syncloud | Deleted old backup: db-backup-2026-03-17T02-00-02-680Z.sql.gz
1|syncloud | Deleted old backup: db-backup-2026-03-18T02-00-03-121Z.sql.gz
1|syncloud | Backup cleanup finished. Deleted 2 old files.
1|syncloud | [dotenv@17.3.1] injecting env (12) from .env -- tip: âڑ™ï¸ڈ  write to custom object with { processEnv: myObject }
1|syncloud | Starting database backup to db-backup-2026-03-26T02-00-04-994Z.sql.gz...
1|syncloud | Backup completed successfully: /var/www/syncloudpos/backups/db-backup-2026-03-26T02-00-04-994Z.sql.gz
1|syncloud | Checking for backups older than 7 days...
1|syncloud | Deleted old backup: db-backup-2026-03-19T02-00-01-619Z.sql.gz
1|syncloud | Backup cleanup finished. Deleted 1 old files.
1|syncloud | [dotenv@17.3.1] injecting env (12) from .env -- tip: âڑ™ï¸ڈ  write to custom object with { processEnv: myObject }
1|syncloud | Starting database backup to db-backup-2026-03-27T02-00-04-387Z.sql.gz...
1|syncloud | Backup completed successfully: /var/www/syncloudpos/backups/db-backup-2026-03-27T02-00-04-387Z.sql.gz
1|syncloud | Checking for backups older than 7 days...
1|syncloud | Deleted old backup: db-backup-2026-03-20T02-00-01-803Z.sql.gz
1|syncloud | Backup cleanup finished. Deleted 1 old files.
1|syncloud | [dotenv@17.3.1] injecting env (12) from .env -- tip: ًں›،ï¸ڈ auth for agents: https://vestauth.com
1|syncloud | Starting database backup to db-backup-2026-03-28T02-00-05-610Z.sql.gz...
1|syncloud | Backup completed successfully: /var/www/syncloudpos/backups/db-backup-2026-03-28T02-00-05-610Z.sql.gz
1|syncloud | Checking for backups older than 7 days...
1|syncloud | Deleted old backup: db-backup-2026-03-21T02-00-03-693Z.sql.gz
1|syncloud | Backup cleanup finished. Deleted 1 old files.
1|syncloud | [dotenv@17.3.1] injecting env (12) from .env -- tip: ًں›،ï¸ڈ auth for agents: https://vestauth.com
1|syncloud | Starting database backup to db-backup-2026-03-28T12-07-19-510Z.sql.gz...
1|syncloud | Backup completed successfully: /var/www/syncloudpos/backups/db-backup-2026-03-28T12-07-19-510Z.sql.gz
1|syncloud | Checking for backups older than 7 days...
1|syncloud | Backup cleanup finished. Deleted 0 old files.
1|syncloud | [dotenv@17.3.1] injecting env (12) from .env -- tip: ًں”گ prevent committing .env to code: https://dotenvx.com/precommit
1|syncloud | Starting database backup to db-backup-2026-03-28T19-31-54-693Z.sql.gz...
1|syncloud | Backup completed successfully: /var/www/syncloudpos/backups/db-backup-2026-03-28T19-31-54-693Z.sql.gz
1|syncloud | Checking for backups older than 7 days...
1|syncloud | Backup cleanup finished. Deleted 0 old files.
1|syncloud | [dotenv@17.3.1] injecting env (12) from .env -- tip: ًں”گ encrypt with Dotenvx: https://dotenvx.com
1|syncloud | Starting database backup to db-backup-2026-03-30T01-00-01-169Z.sql.gz...
1|syncloud | Backup completed successfully: /var/www/syncloudpos/backups/db-backup-2026-03-30T01-00-01-169Z.sql.gz
1|syncloud | Checking for backups older than 7 days...
1|syncloud | Deleted old backup: db-backup-2026-03-22T02-00-06-445Z.sql.gz
1|syncloud | Backup cleanup finished. Deleted 1 old files.

/var/log/pm2/syncloudpos-out.log last 100 lines:
2|syncloud | 2026-03-30 23:49:35: â–² Next.js 16.1.6
2|syncloud | 2026-03-30 23:49:35: - Local:         http://localhost:3000
2|syncloud | 2026-03-30 23:49:35: - Network:       http://155.133.26.217:3000
2|syncloud | 2026-03-30 23:49:35: 
2|syncloud | 2026-03-30 23:49:35: âœ“ Starting...
2|syncloud | 2026-03-30 23:49:37: â–² Next.js 16.1.6
2|syncloud | 2026-03-30 23:49:37: - Local:         http://localhost:3000
2|syncloud | 2026-03-30 23:49:37: - Network:       http://155.133.26.217:3000
2|syncloud | 2026-03-30 23:49:37: 
2|syncloud | 2026-03-30 23:49:37: âœ“ Starting...
2|syncloud | 2026-03-30 23:49:39: â–² Next.js 16.1.6
2|syncloud | 2026-03-30 23:49:39: - Local:         http://localhost:3000
2|syncloud | 2026-03-30 23:49:39: - Network:       http://155.133.26.217:3000
2|syncloud | 2026-03-30 23:49:39: 
2|syncloud | 2026-03-30 23:49:39: âœ“ Starting...
2|syncloud | 2026-03-30 23:49:40: â–² Next.js 16.1.6
2|syncloud | 2026-03-30 23:49:40: - Local:         http://localhost:3000
2|syncloud | 2026-03-30 23:49:40: - Network:       http://155.133.26.217:3000
2|syncloud | 2026-03-30 23:49:40: 
2|syncloud | 2026-03-30 23:49:40: âœ“ Starting...
2|syncloud | 2026-03-30 23:49:44: â–² Next.js 16.1.6
2|syncloud | 2026-03-30 23:49:44: - Local:         http://localhost:3000
2|syncloud | 2026-03-30 23:49:44: - Network:       http://155.133.26.217:3000
2|syncloud | 2026-03-30 23:49:44: 
2|syncloud | 2026-03-30 23:49:44: âœ“ Starting...
2|syncloud | 2026-03-30 23:49:44: â–² Next.js 16.1.6
2|syncloud | 2026-03-30 23:49:45: â–² Next.js 16.1.6
2|syncloud | 2026-03-30 23:49:45: - Local:         http://localhost:3000
2|syncloud | 2026-03-30 23:49:45: - Network:       http://155.133.26.217:3000
2|syncloud | 2026-03-30 23:49:45: 
2|syncloud | 2026-03-30 23:49:45: âœ“ Starting...
2|syncloud | 2026-03-30 23:49:44: - Local:         http://localhost:3000
2|syncloud | 2026-03-30 23:49:44: - Network:       http://155.133.26.217:3000
2|syncloud | 2026-03-30 23:49:44: 
2|syncloud | 2026-03-30 23:49:44: âœ“ Starting...
2|syncloud | 2026-03-30 23:49:49: â–² Next.js 16.1.6
2|syncloud | 2026-03-30 23:49:49: - Local:         http://localhost:3000
2|syncloud | 2026-03-30 23:49:49: - Network:       http://155.133.26.217:3000
2|syncloud | 2026-03-30 23:49:49: 
2|syncloud | 2026-03-30 23:49:49: âœ“ Starting...
2|syncloud | 2026-03-30 23:49:50: â–² Next.js 16.1.6
2|syncloud | 2026-03-30 23:49:50: - Local:         http://localhost:3000
2|syncloud | 2026-03-30 23:49:50: - Network:       http://155.133.26.217:3000
2|syncloud | 2026-03-30 23:49:50: 
2|syncloud | 2026-03-30 23:49:50: âœ“ Starting...
2|syncloud | 2026-03-30 23:49:54: â–² Next.js 16.1.6
2|syncloud | 2026-03-30 23:49:54: - Local:         http://localhost:3000
2|syncloud | 2026-03-30 23:49:54: - Network:       http://155.133.26.217:3000
2|syncloud | 2026-03-30 23:49:54: 
2|syncloud | 2026-03-30 23:49:54: âœ“ Starting...
2|syncloud | 2026-03-30 23:49:55: â–² Next.js 16.1.6
2|syncloud | 2026-03-30 23:49:55: - Local:         http://localhost:3000
2|syncloud | 2026-03-30 23:49:55: - Network:       http://155.133.26.217:3000
2|syncloud | 2026-03-30 23:49:55: 
2|syncloud | 2026-03-30 23:49:55: âœ“ Starting...
2|syncloud | 2026-03-30 23:49:55: â–² Next.js 16.1.6
2|syncloud | 2026-03-30 23:49:55: - Local:         http://localhost:3000
2|syncloud | 2026-03-30 23:49:55: - Network:       http://155.133.26.217:3000
2|syncloud | 2026-03-30 23:49:55: 
2|syncloud | 2026-03-30 23:49:55: âœ“ Starting...
2|syncloud | 2026-03-30 23:49:58: â–² Next.js 16.1.6
2|syncloud | 2026-03-30 23:49:58: - Local:         http://localhost:3000
2|syncloud | 2026-03-30 23:49:58: - Network:       http://155.133.26.217:3000
2|syncloud | 2026-03-30 23:49:58: 
2|syncloud | 2026-03-30 23:49:58: âœ“ Starting...
2|syncloud | 2026-03-30 23:50:00: â–² Next.js 16.1.6
2|syncloud | 2026-03-30 23:50:00: - Local:         http://localhost:3000
2|syncloud | 2026-03-30 23:50:00: - Network:       http://155.133.26.217:3000
2|syncloud | 2026-03-30 23:50:00: 
2|syncloud | 2026-03-30 23:50:00: âœ“ Starting...
2|syncloud | 2026-03-30 23:50:03: â–² Next.js 16.1.6
2|syncloud | 2026-03-30 23:50:03: - Local:         http://localhost:3000
2|syncloud | 2026-03-30 23:50:03: - Network:       http://155.133.26.217:3000
2|syncloud | 2026-03-30 23:50:03: 
2|syncloud | 2026-03-30 23:50:03: âœ“ Starting...
2|syncloud | 2026-03-30 23:50:06: â–² Next.js 16.1.6
2|syncloud | 2026-03-30 23:50:06: - Local:         http://localhost:3000
2|syncloud | 2026-03-30 23:50:06: - Network:       http://155.133.26.217:3000
2|syncloud | 2026-03-30 23:50:06: 
2|syncloud | 2026-03-30 23:50:06: âœ“ Starting...
2|syncloud | 2026-03-30 23:50:07: â–² Next.js 16.1.6
2|syncloud | 2026-03-30 23:50:07: - Local:         http://localhost:3000
2|syncloud | 2026-03-30 23:50:07: - Network:       http://155.133.26.217:3000
2|syncloud | 2026-03-30 23:50:07: 
2|syncloud | 2026-03-30 23:50:07: âœ“ Starting...
2|syncloud | 2026-03-30 23:50:08: â–² Next.js 16.1.6
2|syncloud | 2026-03-30 23:50:08: - Local:         http://localhost:3000
2|syncloud | 2026-03-30 23:50:08: - Network:       http://155.133.26.217:3000
2|syncloud | 2026-03-30 23:50:08: 
2|syncloud | 2026-03-30 23:50:08: âœ“ Starting...
2|syncloud | 2026-03-30 23:50:11: â–² Next.js 16.1.6
2|syncloud | 2026-03-30 23:50:12: â–² Next.js 16.1.6
2|syncloud | 2026-03-30 23:50:12: - Local:         http://localhost:3000
2|syncloud | 2026-03-30 23:50:12: - Network:       http://155.133.26.217:3000
2|syncloud | 2026-03-30 23:50:12: 
2|syncloud | 2026-03-30 23:50:12: âœ“ Starting...
2|syncloud | 2026-03-30 23:50:11: - Local:         http://localhost:3000
2|syncloud | 2026-03-30 23:50:11: - Network:       http://155.133.26.217:3000
2|syncloud | 2026-03-30 23:50:11: 
2|syncloud | 2026-03-30 23:50:11: âœ“ Starting...

/var/log/pm2/syncloudpos-error.log last 100 lines:
2|syncloud | 2026-03-30 23:48:33: Error: Could not find a production build in the '.next' directory. Try building your app with 'next build' before starting the production server. https://nextjs.org/docs/messages/production-start-no-build-id
2|syncloud |     at ignore-listed frames
2|syncloud | 2026-03-30 23:48:38: Error: Could not find a production build in the '.next' directory. Try building your app with 'next build' before starting the production server. https://nextjs.org/docs/messages/production-start-no-build-id
2|syncloud |     at ignore-listed frames
2|syncloud | 2026-03-30 23:48:39: Error: Could not find a production build in the '.next' directory. Try building your app with 'next build' before starting the production server. https://nextjs.org/docs/messages/production-start-no-build-id
2|syncloud |     at ignore-listed frames
2|syncloud | 2026-03-30 23:48:40: Error: Could not find a production build in the '.next' directory. Try building your app with 'next build' before starting the production server. https://nextjs.org/docs/messages/production-start-no-build-id
2|syncloud |     at ignore-listed frames
2|syncloud | 2026-03-30 23:48:42: Error: Could not find a production build in the '.next' directory. Try building your app with 'next build' before starting the production server. https://nextjs.org/docs/messages/production-start-no-build-id
2|syncloud |     at ignore-listed frames
2|syncloud | 2026-03-30 23:48:43: Error: Could not find a production build in the '.next' directory. Try building your app with 'next build' before starting the production server. https://nextjs.org/docs/messages/production-start-no-build-id
2|syncloud |     at ignore-listed frames
2|syncloud | 2026-03-30 23:48:51: Error: Could not find a production build in the '.next' directory. Try building your app with 'next build' before starting the production server. https://nextjs.org/docs/messages/production-start-no-build-id
2|syncloud |     at ignore-listed frames
2|syncloud | 2026-03-30 23:48:51: Error: Could not find a production build in the '.next' directory. Try building your app with 'next build' before starting the production server. https://nextjs.org/docs/messages/production-start-no-build-id
2|syncloud |     at ignore-listed frames
2|syncloud | 2026-03-30 23:48:52: Error: Could not find a production build in the '.next' directory. Try building your app with 'next build' before starting the production server. https://nextjs.org/docs/messages/production-start-no-build-id
2|syncloud |     at ignore-listed frames
2|syncloud | 2026-03-30 23:48:53: Error: Could not find a production build in the '.next' directory. Try building your app with 'next build' before starting the production server. https://nextjs.org/docs/messages/production-start-no-build-id
2|syncloud |     at ignore-listed frames
2|syncloud | 2026-03-30 23:48:54: Error: Could not find a production build in the '.next' directory. Try building your app with 'next build' before starting the production server. https://nextjs.org/docs/messages/production-start-no-build-id
2|syncloud |     at ignore-listed frames
2|syncloud | 2026-03-30 23:49:00: Error: Could not find a production build in the '.next' directory. Try building your app with 'next build' before starting the production server. https://nextjs.org/docs/messages/production-start-no-build-id
2|syncloud |     at ignore-listed frames
2|syncloud | 2026-03-30 23:49:00: Error: Could not find a production build in the '.next' directory. Try building your app with 'next build' before starting the production server. https://nextjs.org/docs/messages/production-start-no-build-id
2|syncloud |     at ignore-listed frames
2|syncloud | 2026-03-30 23:49:03: Error: Could not find a production build in the '.next' directory. Try building your app with 'next build' before starting the production server. https://nextjs.org/docs/messages/production-start-no-build-id
2|syncloud |     at ignore-listed frames
2|syncloud | 2026-03-30 23:49:04: Error: Could not find a production build in the '.next' directory. Try building your app with 'next build' before starting the production server. https://nextjs.org/docs/messages/production-start-no-build-id
2|syncloud |     at ignore-listed frames
2|syncloud | 2026-03-30 23:49:05: Error: Could not find a production build in the '.next' directory. Try building your app with 'next build' before starting the production server. https://nextjs.org/docs/messages/production-start-no-build-id
2|syncloud |     at ignore-listed frames
2|syncloud | 2026-03-30 23:49:08: Error: Could not find a production build in the '.next' directory. Try building your app with 'next build' before starting the production server. https://nextjs.org/docs/messages/production-start-no-build-id
2|syncloud |     at ignore-listed frames
2|syncloud | 2026-03-30 23:49:09: Error: Could not find a production build in the '.next' directory. Try building your app with 'next build' before starting the production server. https://nextjs.org/docs/messages/production-start-no-build-id
2|syncloud |     at ignore-listed frames
2|syncloud | 2026-03-30 23:49:14: Error: Could not find a production build in the '.next' directory. Try building your app with 'next build' before starting the production server. https://nextjs.org/docs/messages/production-start-no-build-id
2|syncloud |     at ignore-listed frames
2|syncloud | 2026-03-30 23:49:15: Error: Could not find a production build in the '.next' directory. Try building your app with 'next build' before starting the production server. https://nextjs.org/docs/messages/production-start-no-build-id
2|syncloud |     at ignore-listed frames
2|syncloud | 2026-03-30 23:49:15: Error: Could not find a production build in the '.next' directory. Try building your app with 'next build' before starting the production server. https://nextjs.org/docs/messages/production-start-no-build-id
2|syncloud |     at ignore-listed frames
2|syncloud | 2026-03-30 23:49:17: Error: Could not find a production build in the '.next' directory. Try building your app with 'next build' before starting the production server. https://nextjs.org/docs/messages/production-start-no-build-id
2|syncloud |     at ignore-listed frames
2|syncloud | 2026-03-30 23:49:19: Error: Could not find a production build in the '.next' directory. Try building your app with 'next build' before starting the production server. https://nextjs.org/docs/messages/production-start-no-build-id
2|syncloud |     at ignore-listed frames
2|syncloud | 2026-03-30 23:49:23: Error: Could not find a production build in the '.next' directory. Try building your app with 'next build' before starting the production server. https://nextjs.org/docs/messages/production-start-no-build-id
2|syncloud |     at ignore-listed frames
2|syncloud | 2026-03-30 23:49:24: Error: Could not find a production build in the '.next' directory. Try building your app with 'next build' before starting the production server. https://nextjs.org/docs/messages/production-start-no-build-id
2|syncloud |     at ignore-listed frames
2|syncloud | 2026-03-30 23:49:26: Error: Could not find a production build in the '.next' directory. Try building your app with 'next build' before starting the production server. https://nextjs.org/docs/messages/production-start-no-build-id
2|syncloud |     at ignore-listed frames
2|syncloud | 2026-03-30 23:49:28: Error: Could not find a production build in the '.next' directory. Try building your app with 'next build' before starting the production server. https://nextjs.org/docs/messages/production-start-no-build-id
2|syncloud |     at ignore-listed frames
2|syncloud | 2026-03-30 23:49:30: Error: Could not find a production build in the '.next' directory. Try building your app with 'next build' before starting the production server. https://nextjs.org/docs/messages/production-start-no-build-id
2|syncloud |     at ignore-listed frames
2|syncloud | 2026-03-30 23:49:33: Error: Could not find a production build in the '.next' directory. Try building your app with 'next build' before starting the production server. https://nextjs.org/docs/messages/production-start-no-build-id
2|syncloud |     at ignore-listed frames
2|syncloud | 2026-03-30 23:49:34: Error: Could not find a production build in the '.next' directory. Try building your app with 'next build' before starting the production server. https://nextjs.org/docs/messages/production-start-no-build-id
2|syncloud |     at ignore-listed frames
2|syncloud | 2026-03-30 23:49:36: Error: Could not find a production build in the '.next' directory. Try building your app with 'next build' before starting the production server. https://nextjs.org/docs/messages/production-start-no-build-id
2|syncloud |     at ignore-listed frames
2|syncloud | 2026-03-30 23:49:37: Error: Could not find a production build in the '.next' directory. Try building your app with 'next build' before starting the production server. https://nextjs.org/docs/messages/production-start-no-build-id
2|syncloud |     at ignore-listed frames
2|syncloud | 2026-03-30 23:49:39: Error: Could not find a production build in the '.next' directory. Try building your app with 'next build' before starting the production server. https://nextjs.org/docs/messages/production-start-no-build-id
2|syncloud |     at ignore-listed frames
2|syncloud | 2026-03-30 23:49:42: Error: Could not find a production build in the '.next' directory. Try building your app with 'next build' before starting the production server. https://nextjs.org/docs/messages/production-start-no-build-id
2|syncloud |     at ignore-listed frames
2|syncloud | 2026-03-30 23:49:44: Error: Could not find a production build in the '.next' directory. Try building your app with 'next build' before starting the production server. https://nextjs.org/docs/messages/production-start-no-build-id
2|syncloud |     at ignore-listed frames
2|syncloud | 2026-03-30 23:49:48: Error: Could not find a production build in the '.next' directory. Try building your app with 'next build' before starting the production server. https://nextjs.org/docs/messages/production-start-no-build-id
2|syncloud |     at ignore-listed frames
2|syncloud | 2026-03-30 23:49:48: Error: Could not find a production build in the '.next' directory. Try building your app with 'next build' before starting the production server. https://nextjs.org/docs/messages/production-start-no-build-id
2|syncloud |     at ignore-listed frames
2|syncloud | 2026-03-30 23:49:48: Error: Could not find a production build in the '.next' directory. Try building your app with 'next build' before starting the production server. https://nextjs.org/docs/messages/production-start-no-build-id
2|syncloud |     at ignore-listed frames
2|syncloud | 2026-03-30 23:49:52: Error: Could not find a production build in the '.next' directory. Try building your app with 'next build' before starting the production server. https://nextjs.org/docs/messages/production-start-no-build-id
2|syncloud |     at ignore-listed frames
2|syncloud | 2026-03-30 23:49:53: Error: Could not find a production build in the '.next' directory. Try building your app with 'next build' before starting the production server. https://nextjs.org/docs/messages/production-start-no-build-id
2|syncloud |     at ignore-listed frames
2|syncloud | 2026-03-30 23:49:57: Error: Could not find a production build in the '.next' directory. Try building your app with 'next build' before starting the production server. https://nextjs.org/docs/messages/production-start-no-build-id
2|syncloud |     at ignore-listed frames
2|syncloud | 2026-03-30 23:49:59: Error: Could not find a production build in the '.next' directory. Try building your app with 'next build' before starting the production server. https://nextjs.org/docs/messages/production-start-no-build-id
2|syncloud |     at ignore-listed frames
2|syncloud | 2026-03-30 23:49:59: Error: Could not find a production build in the '.next' directory. Try building your app with 'next build' before starting the production server. https://nextjs.org/docs/messages/production-start-no-build-id
2|syncloud |     at ignore-listed frames
2|syncloud | 2026-03-30 23:50:01: Error: Could not find a production build in the '.next' directory. Try building your app with 'next build' before starting the production server. https://nextjs.org/docs/messages/production-start-no-build-id
2|syncloud |     at ignore-listed frames
2|syncloud | 2026-03-30 23:50:03: Error: Could not find a production build in the '.next' directory. Try building your app with 'next build' before starting the production server. https://nextjs.org/docs/messages/production-start-no-build-id
2|syncloud |     at ignore-listed frames
2|syncloud | 2026-03-30 23:50:06: Error: Could not find a production build in the '.next' directory. Try building your app with 'next build' before starting the production server. https://nextjs.org/docs/messages/production-start-no-build-id
2|syncloud |     at ignore-listed frames
2|syncloud | 2026-03-30 23:50:10: Error: Could not find a production build in the '.next' directory. Try building your app with 'next build' before starting the production server. https://nextjs.org/docs/messages/production-start-no-build-id
2|syncloud |     at ignore-listed frames
2|syncloud | 2026-03-30 23:50:11: Error: Could not find a production build in the '.next' directory. Try building your app with 'next build' before starting the production server. https://nextjs.org/docs/messages/production-start-no-build-id
2|syncloud |     at ignore-listed frames
2|syncloud | 2026-03-30 23:50:12: Error: Could not find a production build in the '.next' directory. Try building your app with 'next build' before starting the production server. https://nextjs.org/docs/messages/production-start-no-build-id
2|syncloud |     at ignore-listed frames
2|syncloud | 2026-03-30 23:50:14: Error: Could not find a production build in the '.next' directory. Try building your app with 'next build' before starting the production server. https://nextjs.org/docs/messages/production-start-no-build-id
2|syncloud |     at ignore-listed frames

