
> syncloudpos@0.1.0 start
> next start

▲ Next.js 16.1.6
- Local:         http://localhost:3000
- Network:       http://155.133.26.217:3000

✓ Starting...

> syncloudpos@0.1.0 start
> next start

▲ Next.js 16.1.6
- Local:         http://localhost:3000
- Network:       http://155.133.26.217:3000

✓ Starting...

> syncloudpos@0.1.0 start
> next start

▲ Next.js 16.1.6
- Local:         http://localhost:3000
- Network:       http://155.133.26.217:3000

✓ Starting...

> syncloudpos@0.1.0 start
> next start

▲ Next.js 16.1.6
- Local:         http://localhost:3000
- Network:       http://155.133.26.217:3000

✓ Starting...

> syncloudpos@0.1.0 start
> next start

▲ Next.js 16.1.6
- Local:         http://localhost:3000
- Network:       http://155.133.26.217:3000

✓ Starting...

> syncloudpos@0.1.0 start
> next start

▲ Next.js 16.1.6
- Local:         http://localhost:3000
- Network:       http://155.133.26.217:3000

✓ Starting...

> syncloudpos@0.1.0 start
> next start

▲ Next.js 16.1.6
- Local:         http://localhost:3000
- Network:       http://155.133.26.217:3000

✓ Starting...

> syncloudpos@0.1.0 start
> next start

▲ Next.js 16.1.6
- Local:         http://localhost:3000
- Network:       http://155.133.26.217:3000

✓ Starting...

> syncloudpos@0.1.0 start
> next start

▲ Next.js 16.1.6
- Local:         http://localhost:3000
- Network:       http://155.133.26.217:3000

✓ Starting...

> syncloudpos@0.1.0 start
> next start

▲ Next.js 16.1.6
- Local:         http://localhost:3000
- Network:       http://155.133.26.217:3000

✓ Starting...

> syncloudpos@0.1.0 start
> next start

▲ Next.js 16.1.6
- Local:         http://localhost:3000
- Network:       http://155.133.26.217:3000

✓ Starting...

> syncloudpos@0.1.0 start
> next start

▲ Next.js 16.1.6
- Local:         http://localhost:3000
- Network:       http://155.133.26.217:3000

✓ Starting...

> syncloudpos@0.1.0 start
> next start

▲ Next.js 16.1.6
- Local:         http://localhost:3000
- Network:       http://155.133.26.217:3000

✓ Starting...

> syncloudpos@0.1.0 start
> next start

▲ Next.js 16.1.6
- Local:         http://localhost:3000
- Network:       http://155.133.26.217:3000

✓ Starting...

> syncloudpos@0.1.0 start
> next start

▲ Next.js 16.1.6
- Local:         http://localhost:3000
- Network:       http://155.133.26.217:3000

✓ Starting...

> syncloudpos@0.1.0 start
> next start

▲ Next.js 16.1.6
- Local:         http://localhost:3000
- Network:       http://155.133.26.217:3000

✓ Starting...

> syncloudpos@0.1.0 start
> next start

▲ Next.js 16.1.6
- Local:         http://localhost:3000
- Network:       http://155.133.26.217:3000

✓ Starting...

> syncloudpos@0.1.0 start
> next start

▲ Next.js 16.1.6
- Local:         http://localhost:3000
- Network:       http://155.133.26.217:3000

✓ Starting...

> syncloudpos@0.1.0 start
> next start

▲ Next.js 16.1.6
- Local:         http://localhost:3000
- Network:       http://155.133.26.217:3000

✓ Starting...

> syncloudpos@0.1.0 start
> next start

▲ Next.js 16.1.6
- Local:         http://localhost:3000
- Network:       http://155.133.26.217:3000

✓ Starting...

> syncloudpos@0.1.0 start
> next start

▲ Next.js 16.1.6
- Local:         http://localhost:3000
- Network:       http://155.133.26.217:3000

✓ Starting...
✓ Ready in 1326ms

> syncloudpos@0.1.0 start
> next start

▲ Next.js 16.1.6
- Local:         http://localhost:3000
- Network:       http://155.133.26.217:3000

✓ Starting...
✓ Ready in 1054ms

> syncloudpos@0.1.0 start
> next start

▲ Next.js 16.1.6
- Local:         http://localhost:3000
- Network:       http://155.133.26.217:3000

✓ Starting...
✓ Ready in 905ms

> syncloudpos@0.1.0 start
> next start

▲ Next.js 16.1.6
- Local:         http://localhost:3000
- Network:       http://155.133.26.217:3000

✓ Starting...
✓ Ready in 1020ms

> syncloudpos@0.1.0 start
> next start

▲ Next.js 16.1.6
- Local:         http://localhost:3000
- Network:       http://155.133.26.217:3000

✓ Starting...
✓ Ready in 950ms

> syncloudpos@0.1.0 start
> next start

▲ Next.js 16.1.6
- Local:         http://localhost:3000
- Network:       http://155.133.26.217:3000

✓ Starting...
✓ Ready in 1113ms

> syncloudpos@0.1.0 start
> next start

▲ Next.js 16.1.6
- Local:         http://localhost:3000
- Network:       http://155.133.26.217:3000

✓ Starting...
✓ Ready in 1641ms

> syncloudpos@0.1.0 start
> next start

▲ Next.js 16.1.6
- Local:         http://localhost:3000
- Network:       http://155.133.26.217:3000

✓ Starting...
✓ Ready in 1154ms

> syncloudpos@0.1.0 start
> next start

▲ Next.js 16.1.6
- Local:         http://localhost:3000
- Network:       http://155.133.26.217:3000

✓ Starting...
✓ Ready in 1175ms

> syncloudpos@0.1.0 start
> next start

▲ Next.js 16.1.6
- Local:         http://localhost:3000
- Network:       http://155.133.26.217:3000

✓ Starting...
✓ Ready in 1216ms

> syncloudpos@0.1.0 start
> next start

▲ Next.js 16.1.6
- Local:         http://localhost:3000
- Network:       http://155.133.26.217:3000

✓ Starting...
✓ Ready in 1237ms

> syncloudpos@0.1.0 start
> next start

▲ Next.js 16.1.6
- Local:         http://localhost:3000
- Network:       http://155.133.26.217:3000

✓ Starting...
✓ Ready in 1137ms

> syncloudpos@0.1.0 start
> next start

▲ Next.js 16.1.6
- Local:         http://localhost:3000
- Network:       http://155.133.26.217:3000

✓ Starting...
✓ Ready in 1111ms

> syncloudpos@0.1.0 start
> next start

▲ Next.js 16.1.6
- Local:         http://localhost:3000
- Network:       http://155.133.26.217:3000

✓ Starting...
✓ Ready in 1244ms

> syncloudpos@0.1.0 start
> next start

▲ Next.js 16.1.6
- Local:         http://localhost:3000
- Network:       http://155.133.26.217:3000

✓ Starting...
✓ Ready in 1121ms

> syncloudpos@0.1.0 start
> next start

▲ Next.js 16.1.6
- Local:         http://localhost:3000
- Network:       http://155.133.26.217:3000

✓ Starting...
✓ Ready in 1199ms
2026-03-03 23:06:15: 
2026-03-03 23:06:15: > syncloudpos@0.1.0 start
2026-03-03 23:06:15: > next start
2026-03-03 23:06:15: 
2026-03-03 23:06:16: ▲ Next.js 16.1.6
2026-03-03 23:06:16: - Local:         http://localhost:3000
2026-03-03 23:06:16: - Network:       http://155.133.26.217:3000
2026-03-03 23:06:16: 
2026-03-03 23:06:16: ✓ Starting...
2026-03-03 23:06:17: ✓ Ready in 1107ms
2026-03-03 23:12:47: 
2026-03-03 23:12:47: > syncloudpos@0.1.0 start
2026-03-03 23:12:47: > next start
2026-03-03 23:12:47: 
2026-03-03 23:12:47: ▲ Next.js 16.1.6
2026-03-03 23:12:47: - Local:         http://localhost:3000
2026-03-03 23:12:47: - Network:       http://155.133.26.217:3000
2026-03-03 23:12:47: 
2026-03-03 23:12:47: ✓ Starting...
2026-03-03 23:12:48: ✓ Ready in 1043ms
2026-03-03 23:22:05: 
2026-03-03 23:22:05: > syncloudpos@0.1.0 start
2026-03-03 23:22:05: > next start
2026-03-03 23:22:05: 
2026-03-03 23:22:06: ▲ Next.js 16.1.6
2026-03-03 23:22:06: - Local:         http://localhost:3000
2026-03-03 23:22:06: - Network:       http://155.133.26.217:3000
2026-03-03 23:22:06: 
2026-03-03 23:22:06: ✓ Starting...
2026-03-03 23:22:07: ✓ Ready in 1223ms
2026-03-03 23:32:11: 
2026-03-03 23:32:11: > syncloudpos@0.1.0 start
2026-03-03 23:32:11: > next start
2026-03-03 23:32:11: 
2026-03-03 23:32:11: ▲ Next.js 16.1.6
2026-03-03 23:32:11: - Local:         http://localhost:3000
2026-03-03 23:32:11: - Network:       http://155.133.26.217:3000
2026-03-03 23:32:11: 
2026-03-03 23:32:11: ✓ Starting...
2026-03-03 23:32:12: ✓ Ready in 1201ms
2026-03-04 14:48:39: 
2026-03-04 14:48:39: > syncloudpos@0.1.0 start
2026-03-04 14:48:39: > next start
2026-03-04 14:48:39: 
2026-03-04 14:48:39: ▲ Next.js 16.1.6
2026-03-04 14:48:39: - Local:         http://localhost:3000
2026-03-04 14:48:39: - Network:       http://155.133.26.217:3000
2026-03-04 14:48:39: 
2026-03-04 14:48:39: ✓ Starting...
2026-03-04 14:48:40: ✓ Ready in 1524ms
2026-03-04 15:25:06: 
2026-03-04 15:25:06: > syncloudpos@0.1.0 start
2026-03-04 15:25:06: > next start
2026-03-04 15:25:06: 
2026-03-04 15:25:07: ▲ Next.js 16.1.6
2026-03-04 15:25:07: - Local:         http://localhost:3000
2026-03-04 15:25:07: - Network:       http://155.133.26.217:3000
2026-03-04 15:25:07: 
2026-03-04 15:25:07: ✓ Starting...
2026-03-04 15:25:08: ✓ Ready in 1478ms
2026-03-04 15:25:11: 
2026-03-04 15:25:11: > syncloudpos@0.1.0 start
2026-03-04 15:25:11: > next start
2026-03-04 15:25:11: 
2026-03-04 15:25:12: ▲ Next.js 16.1.6
2026-03-04 15:25:12: - Local:         http://localhost:3000
2026-03-04 15:25:12: - Network:       http://155.133.26.217:3000
2026-03-04 15:25:12: 
2026-03-04 15:25:12: ✓ Starting...
2026-03-04 15:25:12: ✓ Ready in 852ms
2026-03-04 15:25:55: 
2026-03-04 15:25:55: > syncloudpos@0.1.0 start
2026-03-04 15:25:55: > next start
2026-03-04 15:25:55: 
2026-03-04 15:25:56: ▲ Next.js 16.1.6
2026-03-04 15:25:56: - Local:         http://localhost:3000
2026-03-04 15:25:56: - Network:       http://155.133.26.217:3000
2026-03-04 15:25:56: 
2026-03-04 15:25:56: ✓ Starting...
2026-03-04 15:25:56: ✓ Ready in 994ms
2026-03-04 15:26:13: 
2026-03-04 15:26:13: > syncloudpos@0.1.0 start
2026-03-04 15:26:13: > next start
2026-03-04 15:26:13: 
2026-03-04 15:26:14: ▲ Next.js 16.1.6
2026-03-04 15:26:14: - Local:         http://localhost:3000
2026-03-04 15:26:14: - Network:       http://155.133.26.217:3000
2026-03-04 15:26:14: 
2026-03-04 15:26:14: ✓ Starting...
2026-03-04 15:26:14: ✓ Ready in 1046ms
2026-03-04 15:47:00: 
2026-03-04 15:47:00: > syncloudpos@0.1.0 start
2026-03-04 15:47:00: > next start
2026-03-04 15:47:00: 
2026-03-04 15:47:01: ▲ Next.js 16.1.6
2026-03-04 15:47:01: - Local:         http://localhost:3000
2026-03-04 15:47:01: - Network:       http://155.133.26.217:3000
2026-03-04 15:47:01: 
2026-03-04 15:47:01: ✓ Starting...
2026-03-04 15:47:02: ✓ Ready in 1205ms
2026-03-04 15:56:19: 
2026-03-04 15:56:19: > syncloudpos@0.1.0 start
2026-03-04 15:56:19: > next start
2026-03-04 15:56:19: 
2026-03-04 15:56:19: ▲ Next.js 16.1.6
2026-03-04 15:56:19: - Local:         http://localhost:3000
2026-03-04 15:56:19: - Network:       http://155.133.26.217:3000
2026-03-04 15:56:19: 
2026-03-04 15:56:19: ✓ Starting...
2026-03-04 15:56:20: ✓ Ready in 1189ms
2026-03-04 18:39:41: 
2026-03-04 18:39:41: > syncloudpos@0.1.0 start
2026-03-04 18:39:41: > next start
2026-03-04 18:39:41: 
2026-03-04 18:39:41: ▲ Next.js 16.1.6
2026-03-04 18:39:41: - Local:         http://localhost:3000
2026-03-04 18:39:41: - Network:       http://155.133.26.217:3000
2026-03-04 18:39:41: 
2026-03-04 18:39:41: ✓ Starting...
2026-03-04 18:39:42: ✓ Ready in 1055ms
2026-03-04 18:44:21: 
2026-03-04 18:44:21: > syncloudpos@0.1.0 start
2026-03-04 18:44:21: > next start
2026-03-04 18:44:21: 
2026-03-04 18:44:21: ▲ Next.js 16.1.6
2026-03-04 18:44:21: - Local:         http://localhost:3000
2026-03-04 18:44:21: - Network:       http://155.133.26.217:3000
2026-03-04 18:44:21: 
2026-03-04 18:44:21: ✓ Starting...
2026-03-04 18:44:22: ✓ Ready in 980ms
2026-03-04 18:44:35: 
2026-03-04 18:44:35: > syncloudpos@0.1.0 start
2026-03-04 18:44:35: > next start
2026-03-04 18:44:35: 
2026-03-04 18:44:35: ▲ Next.js 16.1.6
2026-03-04 18:44:35: - Local:         http://localhost:3000
2026-03-04 18:44:35: - Network:       http://155.133.26.217:3000
2026-03-04 18:44:35: 
2026-03-04 18:44:35: ✓ Starting...
2026-03-04 18:44:36: ✓ Ready in 1062ms
2026-03-04 19:29:39: 
2026-03-04 19:29:39: > syncloudpos@0.1.0 start
2026-03-04 19:29:39: > next start
2026-03-04 19:29:39: 
2026-03-04 19:29:39: ▲ Next.js 16.1.6
2026-03-04 19:29:39: - Local:         http://localhost:3000
2026-03-04 19:29:39: - Network:       http://155.133.26.217:3000
2026-03-04 19:29:39: 
2026-03-04 19:29:39: ✓ Starting...
2026-03-04 19:29:41: ✓ Ready in 1814ms
2026-03-04 22:59:40: 
2026-03-04 22:59:40: > syncloudpos@0.1.0 start
2026-03-04 22:59:40: > next start
2026-03-04 22:59:40: 
2026-03-04 22:59:40: ▲ Next.js 16.1.6
2026-03-04 22:59:40: - Local:         http://localhost:3000
2026-03-04 22:59:40: - Network:       http://155.133.26.217:3000
2026-03-04 22:59:40: 
2026-03-04 22:59:40: ✓ Starting...
2026-03-04 22:59:41: ✓ Ready in 1129ms
